2022-02-06 12:00:23.601561 : [QUERY] commenced  - 'https://control.cloud-object-storage.cloud.ibm.com/v2/endpoints' - '7636f37546314b209385665f2bf91e5f' - 'crn:v1:bluemix:public:cloud-object-storage:global:a/a525bb1ae7c94f55aad8998a6023190d:d5ac7112-43ee-4105-8c31-3deb12a3f479::' 
2022-02-06 12:01:36.404192 : [QUERY] commenced  - 'https://control.cloud-object-storage.cloud.ibm.com/v2/endpoints' - '7636f37546314b209385665f2bf91e5f' - 'crn:v1:bluemix:public:cloud-object-storage:global:a/a525bb1ae7c94f55aad8998a6023190d:d5ac7112-43ee-4105-8c31-3deb12a3f479::' 
2022-02-06 12:02:42.509810 : [QUERY] commenced  - 'https://control.cloud-object-storage.cloud.ibm.com/v2/endpoints' - '7636f37546314b209385665f2bf91e5f' - 'crn:v1:bluemix:public:cloud-object-storage:global:a/a525bb1ae7c94f55aad8998a6023190d:d5ac7112-43ee-4105-8c31-3deb12a3f479::' 
2022-02-06 14:49:12.816885 : [QUERY] commenced  - 'https://s3.au-syd.cloud-object-storage.appdomain.cloud' - 'db05CYEB0CW6X4n2qv5cqrzHl9b-UDQX3JrcsPvddRrG' - 'crn:v1:bluemix:public:cloud-object-storage:global:a/a525bb1ae7c94f55aad8998a6023190d:d5ac7112-43ee-4105-8c31-3deb12a3f479::' 
2022-02-06 14:50:40.449962 : [QUERY] commenced  - 'https://s3.au-syd.cloud-object-storage.appdomain.cloud' - 'db05CYEB0CW6X4n2qv5cqrzHl9b-UDQX3JrcsPvddRrG' - 'crn:v1:bluemix:public:cloud-object-storage:global:a/a525bb1ae7c94f55aad8998a6023190d:d5ac7112-43ee-4105-8c31-3deb12a3f479::' 
2022-02-06 14:51:31.913103 : [QUERY] commenced  - 'https://s3.au-syd.cloud-object-storage.appdomain.cloud' - 'db05CYEB0CW6X4n2qv5cqrzHl9b-UDQX3JrcsPvddRrG' - 'crn:v1:bluemix:public:cloud-object-storage:global:a/a525bb1ae7c94f55aad8998a6023190d:d5ac7112-43ee-4105-8c31-3deb12a3f479::' 
2022-02-06 15:15:15.821059 : [QUERY] commenced  - 'https://s3.au-syd.cloud-object-storage.appdomain.cloud' - 'db05CYEB0CW6X4n2qv5cqrzHl9b-UDQX3JrcsPvddRrG' - 'crn:v1:bluemix:public:cloud-object-storage:global:a/a525bb1ae7c94f55aad8998a6023190d:d5ac7112-43ee-4105-8c31-3deb12a3f479::' - 'tso-storage'
2022-02-06 15:18:28.935928 : [QUERY] commenced  - 'https://s3.au-syd.cloud-object-storage.appdomain.cloud' - 'db05CYEB0CW6X4n2qv5cqrzHl9b-UDQX3JrcsPvddRrG' - 'crn:v1:bluemix:public:cloud-object-storage:global:a/a525bb1ae7c94f55aad8998a6023190d:d5ac7112-43ee-4105-8c31-3deb12a3f479::' - 'tso-storage'
2022-02-06 15:19:34.188376 : [QUERY] commenced  - 'https://s3.au-syd.cloud-object-storage.appdomain.cloud' - 'db05CYEB0CW6X4n2qv5cqrzHl9b-UDQX3JrcsPvddRrG' - 'crn:v1:bluemix:public:cloud-object-storage:global:a/a525bb1ae7c94f55aad8998a6023190d:d5ac7112-43ee-4105-8c31-3deb12a3f479::' - 'tso-storage'
2022-02-06 15:20:45.445658 : [QUERY] commenced  - 'https://s3.au-syd.cloud-object-storage.appdomain.cloud' - 'db05CYEB0CW6X4n2qv5cqrzHl9b-UDQX3JrcsPvddRrG' - 'crn:v1:bluemix:public:cloud-object-storage:global:a/a525bb1ae7c94f55aad8998a6023190d:d5ac7112-43ee-4105-8c31-3deb12a3f479::' - 'tso-storage'
2022-02-06 15:21:06.019370 : [QUERY] commenced  - 'https://s3.au-syd.cloud-object-storage.appdomain.cloud' - 'db05CYEB0CW6X4n2qv5cqrzHl9b-UDQX3JrcsPvddRrG' - 'crn:v1:bluemix:public:cloud-object-storage:global:a/a525bb1ae7c94f55aad8998a6023190d:d5ac7112-43ee-4105-8c31-3deb12a3f479::' - 'tso-storage'
2022-02-06 15:21:12.386061 : [UPLOAD] commenced  - 'undefined' - 'db05CYEB0CW6X4n2qv5cqrzHl9b-UDQX3JrcsPvddRrG' - 'crn:v1:bluemix:public:cloud-object-storage:global:a/a525bb1ae7c94f55aad8998a6023190d:d5ac7112-43ee-4105-8c31-3deb12a3f479::' - '[object Object]'
2022-02-06 15:21:12.386096 : [UPLOAD] Read File Content
2022-02-06 15:21:12.386113 : [UPLOAD] Files 1
2022-02-06 15:21:12.386131 : [UPLOAD] Uploaded  file 'Cloudera Professional Services - Prerequisites v1.8.pdf'
2022-02-06 15:21:12.386143 : [UPLOAD] Completed Upload
2022-02-06 15:21:12.399971 : [QUERY] commenced  - 'https://s3.au-syd.cloud-object-storage.appdomain.cloud' - 'db05CYEB0CW6X4n2qv5cqrzHl9b-UDQX3JrcsPvddRrG' - 'crn:v1:bluemix:public:cloud-object-storage:global:a/a525bb1ae7c94f55aad8998a6023190d:d5ac7112-43ee-4105-8c31-3deb12a3f479::' - 'tso-storage'
2022-02-06 15:21:46.121690 : [UPLOAD] commenced  - 'undefined' - 'db05CYEB0CW6X4n2qv5cqrzHl9b-UDQX3JrcsPvddRrG' - 'crn:v1:bluemix:public:cloud-object-storage:global:a/a525bb1ae7c94f55aad8998a6023190d:d5ac7112-43ee-4105-8c31-3deb12a3f479::' - '[object Object]'
2022-02-06 15:21:46.121741 : [UPLOAD] Read File Content
2022-02-06 15:21:46.121758 : [UPLOAD] Files 1
2022-02-06 15:21:46.121775 : [UPLOAD] Uploaded  file 'Cloudera Professional Services - Prerequisites v1.8.pdf'
2022-02-06 15:21:46.121784 : [UPLOAD] Completed Upload
2022-02-06 15:21:46.137334 : [QUERY] commenced  - 'https://s3.au-syd.cloud-object-storage.appdomain.cloud' - 'db05CYEB0CW6X4n2qv5cqrzHl9b-UDQX3JrcsPvddRrG' - 'crn:v1:bluemix:public:cloud-object-storage:global:a/a525bb1ae7c94f55aad8998a6023190d:d5ac7112-43ee-4105-8c31-3deb12a3f479::' - 'tso-storage'
